<?xml version="1.0" encoding="UTF-8"?>
<!-- Generated by org.testng.reporters.JUnitReportReporter -->
<testsuite hostname="MADEM" failures="0" tests="1" name="com.testscripts.OrnageHRMTest" time="8.621" errors="0" timestamp="2023-01-30T09:13:46 IST" skipped="0">
  <testcase classname="com.testscripts.OrnageHRMTest" name="loginTestScript" time="8.621"/>
  <system-out/>
</testsuite> <!-- com.testscripts.OrnageHRMTest -->
